<?xml version="1.0" encoding="UTF-8"?>
<!-- Generated by org.testng.reporters.JUnitReportReporter -->
<testsuite skipped="0" hostname="Alshawabkeh" name="test.CareNetSettings.Communication.CommunicationSettings" tests="1" failures="0" timestamp="2020-01-29T10:08:08 EET" time="29.241" errors="0">
  <testcase name="navigateToCommunicationSettingsPage" time="29.241" classname="test.CareNetSettings.Communication.CommunicationSettings"/>
</testsuite> <!-- test.CareNetSettings.Communication.CommunicationSettings -->
