<?xml version="1.0" encoding="UTF-8"?>
<!-- Generated by org.testng.reporters.JUnitReportReporter -->
<testsuite skipped="0" hostname="Alshawabkeh" name="test.CareNetSettings.Insurance.InsuranceCompanyProviderPage" tests="1" failures="0" timestamp="2020-01-29T10:08:08 EET" time="31.737" errors="0">
  <testcase name="navigateToInsuranceCompanyProviderPagePage" time="31.737" classname="test.CareNetSettings.Insurance.InsuranceCompanyProviderPage"/>
</testsuite> <!-- test.CareNetSettings.Insurance.InsuranceCompanyProviderPage -->
