<?xml version="1.0" encoding="UTF-8"?>
<!-- Generated by org.testng.reporters.JUnitReportReporter -->
<testsuite skipped="0" hostname="Alshawabkeh" name="test.CareNetSettings.Agreements.ApprovalsSetup" tests="1" failures="0" timestamp="2020-01-29T10:08:08 EET" time="74.846" errors="0">
  <testcase name="navigateToApprovalsSetup" time="74.846" classname="test.CareNetSettings.Agreements.ApprovalsSetup"/>
</testsuite> <!-- test.CareNetSettings.Agreements.ApprovalsSetup -->
