<?xml version="1.0" encoding="UTF-8"?>
<!-- Generated by org.testng.reporters.JUnitReportReporter -->
<testsuite skipped="0" hostname="Alshawabkeh" name="test.CareNetSettings.DataManagement.KnowledgeBase" tests="1" failures="0" timestamp="2020-01-29T10:08:08 EET" time="27.290" errors="0">
  <testcase name="navigateToKnowledgeBasePage" time="27.290" classname="test.CareNetSettings.DataManagement.KnowledgeBase"/>
</testsuite> <!-- test.CareNetSettings.DataManagement.KnowledgeBase -->
