<?xml version="1.0" encoding="UTF-8"?>
<!-- Generated by org.testng.reporters.JUnitReportReporter -->
<testsuite skipped="0" hostname="Alshawabkeh" name="test.CareNetSettings.Insurance.StatementOfAccountPerCompany" tests="1" failures="0" timestamp="2020-01-29T10:08:08 EET" time="27.585" errors="0">
  <testcase name="navigateToStatementOfAccountPerCompanyPage" time="27.585" classname="test.CareNetSettings.Insurance.StatementOfAccountPerCompany"/>
</testsuite> <!-- test.CareNetSettings.Insurance.StatementOfAccountPerCompany -->
