<?xml version="1.0" encoding="UTF-8"?>
<!-- Generated by org.testng.reporters.JUnitReportReporter -->
<testsuite skipped="0" hostname="Alshawabkeh" name="test.CareNetSettings.RoomsManagement.RoomsCategories" tests="1" failures="0" timestamp="2020-01-29T10:08:08 EET" time="32.264" errors="0">
  <testcase name="navigateToRoomsCategories" time="32.264" classname="test.CareNetSettings.RoomsManagement.RoomsCategories"/>
</testsuite> <!-- test.CareNetSettings.RoomsManagement.RoomsCategories -->
