<?xml version="1.0" encoding="UTF-8"?>
<!-- Generated by org.testng.reporters.JUnitReportReporter -->
<testsuite skipped="0" hostname="Alshawabkeh" name="test.CareNetSettings.QualityControl.LotsNumbers" tests="1" failures="0" timestamp="2020-01-29T10:08:08 EET" time="31.238" errors="0">
  <testcase name="navigateToLotsNumbersPage" time="31.238" classname="test.CareNetSettings.QualityControl.LotsNumbers"/>
</testsuite> <!-- test.CareNetSettings.QualityControl.LotsNumbers -->
