<?xml version="1.0" encoding="UTF-8"?>
<!-- Generated by org.testng.reporters.JUnitReportReporter -->
<testsuite skipped="0" hostname="Alshawabkeh" name="test.CareNetSettings.DataManagement.SpecialtyServices" tests="1" failures="0" timestamp="2020-01-29T10:08:08 EET" time="25.533" errors="0">
  <testcase name="navigateToSpecialtyServicesPage" time="25.533" classname="test.CareNetSettings.DataManagement.SpecialtyServices"/>
</testsuite> <!-- test.CareNetSettings.DataManagement.SpecialtyServices -->
