<?xml version="1.0" encoding="UTF-8"?>
<!-- Generated by org.testng.reporters.JUnitReportReporter -->
<testsuite skipped="0" hostname="Alshawabkeh" name="test.CareNetSettings.RoomsManagement.RoomAsset" tests="1" failures="0" timestamp="2020-01-29T10:08:07 EET" time="28.938" errors="0">
  <testcase name="navigateToRoomAsset" time="28.938" classname="test.CareNetSettings.RoomsManagement.RoomAsset"/>
</testsuite> <!-- test.CareNetSettings.RoomsManagement.RoomAsset -->
