<?xml version="1.0" encoding="UTF-8"?>
<!-- Generated by org.testng.reporters.JUnitReportReporter -->
<testsuite skipped="0" hostname="Alshawabkeh" name="test.CareNetSettings.Insurance.ClaimsSubmission" tests="1" failures="0" timestamp="2020-01-29T10:08:08 EET" time="38.082" errors="0">
  <testcase name="navigateToClaimsSubmissionPage" time="38.082" classname="test.CareNetSettings.Insurance.ClaimsSubmission"/>
</testsuite> <!-- test.CareNetSettings.Insurance.ClaimsSubmission -->
