<?xml version="1.0" encoding="UTF-8"?>
<!-- Generated by org.testng.reporters.JUnitReportReporter -->
<testsuite skipped="0" hostname="Alshawabkeh" name="test.CareNetSettings.DataManagement.DiscountManagement" tests="1" failures="0" timestamp="2020-01-29T10:08:08 EET" time="25.521" errors="0">
  <testcase name="navigateToDiscountManagementPage" time="25.521" classname="test.CareNetSettings.DataManagement.DiscountManagement"/>
</testsuite> <!-- test.CareNetSettings.DataManagement.DiscountManagement -->
