<?xml version="1.0" encoding="UTF-8"?>
<!-- Generated by org.testng.reporters.JUnitReportReporter -->
<testsuite skipped="0" hostname="Alshawabkeh" name="test.CareNetSettings.DataManagement.ImportMedicines" tests="1" failures="0" timestamp="2020-01-29T10:08:08 EET" time="25.571" errors="0">
  <testcase name="navigateToImportMedicinesPage" time="25.571" classname="test.CareNetSettings.DataManagement.ImportMedicines"/>
</testsuite> <!-- test.CareNetSettings.DataManagement.ImportMedicines -->
