<?xml version="1.0" encoding="UTF-8"?>
<!-- Generated by org.testng.reporters.JUnitReportReporter -->
<testsuite skipped="0" hostname="Alshawabkeh" name="test.CareNetSettings.DataManagement.MedicalServiceCategory" tests="1" failures="0" timestamp="2020-01-29T10:08:08 EET" time="27.843" errors="0">
  <testcase name="navigateToMedicalServiceCategoryPage" time="27.843" classname="test.CareNetSettings.DataManagement.MedicalServiceCategory"/>
</testsuite> <!-- test.CareNetSettings.DataManagement.MedicalServiceCategory -->
