<?xml version="1.0" encoding="UTF-8"?>
<!-- Generated by org.testng.reporters.JUnitReportReporter -->
<testsuite skipped="0" hostname="Alshawabkeh" name="test.CareNetSettings.Agreements.PayersNetworks" tests="1" failures="0" timestamp="2020-01-29T10:08:08 EET" time="38.461" errors="0">
  <testcase name="navigateToPayersNetworks" time="38.461" classname="test.CareNetSettings.Agreements.PayersNetworks"/>
</testsuite> <!-- test.CareNetSettings.Agreements.PayersNetworks -->
