<?xml version="1.0" encoding="UTF-8"?>
<!-- Generated by org.testng.reporters.JUnitReportReporter -->
<testsuite skipped="0" hostname="Alshawabkeh" name="test.CareNetSettings.QualityControl.DefinalizationConfirmation" tests="1" failures="0" timestamp="2020-01-29T10:08:08 EET" time="30.875" errors="0">
  <testcase name="navigateToDefinalizationConfirmationPage" time="30.875" classname="test.CareNetSettings.QualityControl.DefinalizationConfirmation"/>
</testsuite> <!-- test.CareNetSettings.QualityControl.DefinalizationConfirmation -->
