<?xml version="1.0" encoding="UTF-8"?>
<!-- Generated by org.testng.reporters.JUnitReportReporter -->
<testsuite skipped="0" hostname="Alshawabkeh" name="test.CareNetSettings.MedicalProviders.ProviderStaff" tests="1" failures="0" timestamp="2020-01-29T10:08:08 EET" time="44.610" errors="0">
  <testcase name="navigateToProviderStaff" time="44.610" classname="test.CareNetSettings.MedicalProviders.ProviderStaff"/>
</testsuite> <!-- test.CareNetSettings.MedicalProviders.ProviderStaff -->
