<?xml version="1.0" encoding="UTF-8"?>
<!-- Generated by org.testng.reporters.JUnitReportReporter -->
<testsuite skipped="0" hostname="Alshawabkeh" name="test.CareNetSettings.Insurance.ClaimRules" tests="1" failures="0" timestamp="2020-01-29T10:08:08 EET" time="26.152" errors="0">
  <testcase name="navigateToClaimRulesPage" time="26.152" classname="test.CareNetSettings.Insurance.ClaimRules"/>
</testsuite> <!-- test.CareNetSettings.Insurance.ClaimRules -->
