<?xml version="1.0" encoding="UTF-8"?>
<!-- Generated by org.testng.reporters.JUnitReportReporter -->
<testsuite skipped="0" hostname="Alshawabkeh" name="test.CareNetSettings.Communication.GroupsManagement" tests="1" failures="0" timestamp="2020-01-29T10:08:08 EET" time="26.990" errors="0">
  <testcase name="navigateToGroupsManagementPage" time="26.990" classname="test.CareNetSettings.Communication.GroupsManagement"/>
</testsuite> <!-- test.CareNetSettings.Communication.GroupsManagement -->
