<?xml version="1.0" encoding="UTF-8"?>
<!-- Generated by org.testng.reporters.JUnitReportReporter -->
<testsuite skipped="0" hostname="Alshawabkeh" name="test.CareNetSettings.QualityControl.LabQCResults" tests="1" failures="0" timestamp="2020-01-29T10:08:07 EET" time="32.212" errors="0">
  <testcase name="navigateToLabQCResultsPage" time="32.212" classname="test.CareNetSettings.QualityControl.LabQCResults"/>
</testsuite> <!-- test.CareNetSettings.QualityControl.LabQCResults -->
