<?xml version="1.0" encoding="UTF-8"?>
<!-- Generated by org.testng.reporters.JUnitReportReporter -->
<testsuite skipped="0" hostname="Alshawabkeh" name="test.CareNetSettings.MedicalProviders.MachineType" tests="1" failures="0" timestamp="2020-01-29T10:08:08 EET" time="32.934" errors="0">
  <testcase name="navigateToMachineType" time="32.934" classname="test.CareNetSettings.MedicalProviders.MachineType"/>
</testsuite> <!-- test.CareNetSettings.MedicalProviders.MachineType -->
