<?xml version="1.0" encoding="UTF-8"?>
<!-- Generated by org.testng.reporters.JUnitReportReporter -->
<testsuite skipped="0" hostname="Alshawabkeh" name="test.CareNetSettings.MedicalProviders.ScheduleSettings" tests="1" failures="0" timestamp="2020-01-29T10:08:08 EET" time="38.008" errors="0">
  <testcase name="navigateToScheduleSettings" time="38.008" classname="test.CareNetSettings.MedicalProviders.ScheduleSettings"/>
</testsuite> <!-- test.CareNetSettings.MedicalProviders.ScheduleSettings -->
