<?xml version="1.0" encoding="UTF-8"?>
<!-- Generated by org.testng.reporters.JUnitReportReporter -->
<testsuite skipped="0" hostname="Alshawabkeh" name="test.CareNetSettings.Insurance.Authorizations" tests="1" failures="0" timestamp="2020-01-29T10:08:08 EET" time="26.527" errors="0">
  <testcase name="navigateToAuthorizationsPage" time="26.527" classname="test.CareNetSettings.Insurance.Authorizations"/>
</testsuite> <!-- test.CareNetSettings.Insurance.Authorizations -->
