<?xml version="1.0" encoding="UTF-8"?>
<!-- Generated by org.testng.reporters.JUnitReportReporter -->
<testsuite skipped="0" hostname="Alshawabkeh" name="test.CareNetSettings.Cycles.AddCashPatient" tests="1" failures="0" timestamp="2020-02-03T14:32:07 EET" time="38.483" errors="0">
  <testcase name="addNewVisit" time="38.483" classname="test.CareNetSettings.Cycles.AddCashPatient"/>
</testsuite> <!-- test.CareNetSettings.Cycles.AddCashPatient -->
