<?xml version="1.0" encoding="UTF-8"?>
<!-- Generated by org.testng.reporters.JUnitReportReporter -->
<testsuite skipped="0" hostname="Alshawabkeh" name="test.CareNetSettings.Agreements.PriceLists" tests="1" failures="0" timestamp="2020-01-29T10:08:08 EET" time="32.672" errors="0">
  <testcase name="navigateToPriceLists" time="32.672" classname="test.CareNetSettings.Agreements.PriceLists"/>
</testsuite> <!-- test.CareNetSettings.Agreements.PriceLists -->
