<?xml version="1.0" encoding="UTF-8"?>
<!-- Generated by org.testng.reporters.JUnitReportReporter -->
<testsuite skipped="0" hostname="Alshawabkeh" name="test.CareNetSettings.MedicalProviders.ProviderServices" tests="1" failures="0" timestamp="2020-01-29T10:08:08 EET" time="33.461" errors="0">
  <testcase name="navigateToProviderServices" time="33.461" classname="test.CareNetSettings.MedicalProviders.ProviderServices"/>
</testsuite> <!-- test.CareNetSettings.MedicalProviders.ProviderServices -->
