<?xml version="1.0" encoding="UTF-8"?>
<!-- Generated by org.testng.reporters.JUnitReportReporter -->
<testsuite skipped="0" hostname="Alshawabkeh" name="test.CareNetSettings.MedicalProviders.UserSignature" tests="1" failures="0" timestamp="2020-01-29T10:08:08 EET" time="29.918" errors="0">
  <testcase name="navigateToUserSignature" time="29.918" classname="test.CareNetSettings.MedicalProviders.UserSignature"/>
</testsuite> <!-- test.CareNetSettings.MedicalProviders.UserSignature -->
