<?xml version="1.0" encoding="UTF-8"?>
<!-- Generated by org.testng.reporters.JUnitReportReporter -->
<testsuite skipped="0" hostname="Alshawabkeh" name="test.CareNetSettings.MedicalProviders.MachineService" tests="1" failures="0" timestamp="2020-01-29T10:08:08 EET" time="28.717" errors="0">
  <testcase name="navigateToMachineService" time="28.717" classname="test.CareNetSettings.MedicalProviders.MachineService"/>
</testsuite> <!-- test.CareNetSettings.MedicalProviders.MachineService -->
