<?xml version="1.0" encoding="UTF-8"?>
<!-- Generated by org.testng.reporters.JUnitReportReporter -->
<testsuite skipped="0" hostname="Alshawabkeh" name="test.CareNetSettings.DataManagement.ContainerTypes" tests="1" failures="0" timestamp="2020-01-29T10:08:08 EET" time="25.003" errors="0">
  <testcase name="navigateToContainerTypesPage" time="25.003" classname="test.CareNetSettings.DataManagement.ContainerTypes"/>
</testsuite> <!-- test.CareNetSettings.DataManagement.ContainerTypes -->
