<?xml version="1.0" encoding="UTF-8"?>
<!-- Generated by org.testng.reporters.JUnitReportReporter -->
<testsuite skipped="0" hostname="Alshawabkeh" name="test.CareNetSettings.Agreements.PayersAgreement" tests="1" failures="0" timestamp="2020-01-29T10:08:08 EET" time="49.371" errors="0">
  <testcase name="navigateToPayersAgreement" time="49.371" classname="test.CareNetSettings.Agreements.PayersAgreement"/>
</testsuite> <!-- test.CareNetSettings.Agreements.PayersAgreement -->
