<?xml version="1.0" encoding="UTF-8"?>
<!-- Generated by org.testng.reporters.JUnitReportReporter -->
<testsuite skipped="0" hostname="Alshawabkeh" name="test.CareNetSettings.DataManagement.MedicalServices" tests="1" failures="0" timestamp="2020-01-29T10:08:08 EET" time="25.481" errors="0">
  <testcase name="navigateToMedicalServicesPage" time="25.481" classname="test.CareNetSettings.DataManagement.MedicalServices"/>
</testsuite> <!-- test.CareNetSettings.DataManagement.MedicalServices -->
