<?xml version="1.0" encoding="UTF-8"?>
<!-- Generated by org.testng.reporters.JUnitReportReporter -->
<testsuite skipped="0" hostname="Alshawabkeh" name="test.CareNetSettings.DataManagement.Vaccines" tests="1" failures="0" timestamp="2020-01-29T10:08:08 EET" time="24.527" errors="0">
  <testcase name="navigateToVaccinesPage" time="24.527" classname="test.CareNetSettings.DataManagement.Vaccines"/>
</testsuite> <!-- test.CareNetSettings.DataManagement.Vaccines -->
