<?xml version="1.0" encoding="UTF-8"?>
<!-- Generated by org.testng.reporters.JUnitReportReporter -->
<testsuite skipped="0" hostname="Alshawabkeh" name="test.CareNetSettings.DataManagement.Diseases" tests="1" failures="0" timestamp="2020-01-29T10:08:08 EET" time="24.386" errors="0">
  <testcase name="navigateToDiseasesPage" time="24.386" classname="test.CareNetSettings.DataManagement.Diseases"/>
</testsuite> <!-- test.CareNetSettings.DataManagement.Diseases -->
