<?xml version="1.0" encoding="UTF-8"?>
<!-- Generated by org.testng.reporters.JUnitReportReporter -->
<testsuite skipped="0" hostname="Alshawabkeh" name="test.CareNetSettings.Communication.MembersQuestionsPage" tests="1" failures="0" timestamp="2020-01-29T10:08:08 EET" time="28.838" errors="0">
  <testcase name="navigateToMembersQuestionsPage" time="28.838" classname="test.CareNetSettings.Communication.MembersQuestionsPage"/>
</testsuite> <!-- test.CareNetSettings.Communication.MembersQuestionsPage -->
