<?xml version="1.0" encoding="UTF-8"?>
<!-- Generated by org.testng.reporters.JUnitReportReporter -->
<testsuite skipped="0" hostname="Alshawabkeh" name="test.CareNetSettings.DataManagement.LabTests" tests="1" failures="0" timestamp="2020-01-29T10:08:08 EET" time="25.253" errors="0">
  <testcase name="navigateToLabTestsPage" time="25.253" classname="test.CareNetSettings.DataManagement.LabTests"/>
</testsuite> <!-- test.CareNetSettings.DataManagement.LabTests -->
