<?xml version="1.0" encoding="UTF-8"?>
<!-- Generated by org.testng.reporters.JUnitReportReporter -->
<testsuite skipped="0" hostname="Alshawabkeh" name="test.CareNetSettings.Agreements.ExcludedServicesAndDiseases" tests="1" failures="0" timestamp="2020-01-29T10:08:08 EET" time="40.252" errors="0">
  <testcase name="navigateToExcludedServicesAndDiseases" time="40.252" classname="test.CareNetSettings.Agreements.ExcludedServicesAndDiseases"/>
</testsuite> <!-- test.CareNetSettings.Agreements.ExcludedServicesAndDiseases -->
