<?xml version="1.0" encoding="UTF-8"?>
<!-- Generated by org.testng.reporters.JUnitReportReporter -->
<testsuite skipped="0" hostname="Alshawabkeh" name="test.CareNetSettings.DataManagement.RadiologyProcedure" tests="1" failures="0" timestamp="2020-01-29T10:08:08 EET" time="26.873" errors="0">
  <testcase name="navigateToRadiologyProcedurePage" time="26.873" classname="test.CareNetSettings.DataManagement.RadiologyProcedure"/>
</testsuite> <!-- test.CareNetSettings.DataManagement.RadiologyProcedure -->
