<?xml version="1.0" encoding="UTF-8"?>
<!-- Generated by org.testng.reporters.JUnitReportReporter -->
<testsuite skipped="0" hostname="Alshawabkeh" name="test.CareNetSettings.DataManagement.MangeProviders" tests="1" failures="0" timestamp="2020-01-29T10:08:08 EET" time="28.478" errors="0">
  <testcase name="navigateToMangeProvidersPage" time="28.478" classname="test.CareNetSettings.DataManagement.MangeProviders"/>
</testsuite> <!-- test.CareNetSettings.DataManagement.MangeProviders -->
