<?xml version="1.0" encoding="UTF-8"?>
<!-- Generated by org.testng.reporters.JUnitReportReporter -->
<testsuite skipped="0" hostname="Alshawabkeh" name="test.CareNetSettings.Insurance.PreAuthServices" tests="1" failures="0" timestamp="2020-01-29T10:08:08 EET" time="27.422" errors="0">
  <testcase name="navigateToPreAuthServicesPage" time="27.422" classname="test.CareNetSettings.Insurance.PreAuthServices"/>
</testsuite> <!-- test.CareNetSettings.Insurance.PreAuthServices -->
