<?xml version="1.0" encoding="UTF-8"?>
<!-- Generated by org.testng.reporters.JUnitReportReporter -->
<testsuite skipped="0" hostname="Alshawabkeh" name="test.CareNetSettings.Communication.Announcementpage" tests="1" failures="0" timestamp="2020-01-29T10:08:08 EET" time="27.803" errors="0">
  <testcase name="navigateToAnnouncementpage" time="27.803" classname="test.CareNetSettings.Communication.Announcementpage"/>
</testsuite> <!-- test.CareNetSettings.Communication.Announcementpage -->
