<?xml version="1.0" encoding="UTF-8"?>
<!-- Generated by org.testng.reporters.JUnitReportReporter -->
<testsuite skipped="0" hostname="Alshawabkeh" name="test.CareNetSettings.Insurance.ClaimsStatistics" tests="1" failures="0" timestamp="2020-01-29T10:08:08 EET" time="32.094" errors="0">
  <testcase name="navigateToClaimsStatisticsPage" time="32.094" classname="test.CareNetSettings.Insurance.ClaimsStatistics"/>
</testsuite> <!-- test.CareNetSettings.Insurance.ClaimsStatistics -->
