<?xml version="1.0" encoding="UTF-8"?>
<!-- Generated by org.testng.reporters.JUnitReportReporter -->
<testsuite skipped="0" hostname="Alshawabkeh" name="test.CareNetSettings.MedicalProviders.MachineSetup" tests="1" failures="0" timestamp="2020-01-29T10:08:08 EET" time="32.893" errors="0">
  <testcase name="navigateToMachineSetup" time="32.893" classname="test.CareNetSettings.MedicalProviders.MachineSetup"/>
</testsuite> <!-- test.CareNetSettings.MedicalProviders.MachineSetup -->
