<?xml version="1.0" encoding="UTF-8"?>
<!-- Generated by org.testng.reporters.JUnitReportReporter -->
<testsuite skipped="0" hostname="Alshawabkeh" name="test.CareNetSettings.RoomsManagement.RoomsManagement" tests="1" failures="0" timestamp="2020-01-29T10:08:08 EET" time="31.548" errors="0">
  <testcase name="navigateToRoomsManagement" time="31.548" classname="test.CareNetSettings.RoomsManagement.RoomsManagement"/>
</testsuite> <!-- test.CareNetSettings.RoomsManagement.RoomsManagement -->
