<?xml version="1.0" encoding="UTF-8"?>
<!-- Generated by org.testng.reporters.JUnitReportReporter -->
<testsuite skipped="0" hostname="Alshawabkeh" name="test.CareNetSettings.DataManagement.MedicalFormAttribuets" tests="1" failures="0" timestamp="2020-01-29T10:08:08 EET" time="25.416" errors="0">
  <testcase name="navigateToMedicalFormAttributesPage" time="25.416" classname="test.CareNetSettings.DataManagement.MedicalFormAttribuets"/>
</testsuite> <!-- test.CareNetSettings.DataManagement.MedicalFormAttribuets -->
