<?xml version="1.0" encoding="UTF-8"?>
<!-- Generated by org.testng.reporters.JUnitReportReporter -->
<testsuite skipped="0" hostname="Alshawabkeh" name="test.CareNetSettings.Insurance.Payers" tests="1" failures="0" timestamp="2020-01-29T10:08:08 EET" time="29.638" errors="0">
  <testcase name="navigateToPayersPage" time="29.638" classname="test.CareNetSettings.Insurance.Payers"/>
</testsuite> <!-- test.CareNetSettings.Insurance.Payers -->
