<?xml version="1.0" encoding="UTF-8"?>
<!-- Generated by org.testng.reporters.JUnitReportReporter -->
<testsuite skipped="0" hostname="Alshawabkeh" name="test.CareNetSettings.DataManagement.Allergies" tests="1" failures="0" timestamp="2020-01-29T12:24:48 EET" time="61.663" errors="0">
  <testcase name="navigateToAllergiesPage" time="61.663" classname="test.CareNetSettings.DataManagement.Allergies"/>
</testsuite> <!-- test.CareNetSettings.DataManagement.Allergies -->
