<?xml version="1.0" encoding="UTF-8"?>
<!-- Generated by org.testng.reporters.JUnitReportReporter -->
<testsuite skipped="0" hostname="Alshawabkeh" name="test.CareNetSettings.DataManagement.LabSampleTypes" tests="1" failures="0" timestamp="2020-01-29T10:08:08 EET" time="26.510" errors="0">
  <testcase name="navigateToLabSampleTypesPage" time="26.510" classname="test.CareNetSettings.DataManagement.LabSampleTypes"/>
</testsuite> <!-- test.CareNetSettings.DataManagement.LabSampleTypes -->
