<?xml version="1.0" encoding="UTF-8"?>
<!-- Generated by org.testng.reporters.JUnitReportReporter -->
<testsuite skipped="0" hostname="Alshawabkeh" name="test.CareNetSettings.MedicalProviders.NonNetworkProviders" tests="1" failures="0" timestamp="2020-01-29T10:08:08 EET" time="33.269" errors="0">
  <testcase name="navigateToNonNetworkProvidersPage" time="33.269" classname="test.CareNetSettings.MedicalProviders.NonNetworkProviders"/>
</testsuite> <!-- test.CareNetSettings.MedicalProviders.NonNetworkProviders -->
