<?xml version="1.0" encoding="UTF-8"?>
<!-- Generated by org.testng.reporters.JUnitReportReporter -->
<testsuite skipped="0" hostname="Alshawabkeh" name="test.CareNetSettings.Communication.EventTemplates" tests="1" failures="0" timestamp="2020-01-29T10:08:08 EET" time="34.707" errors="0">
  <testcase name="navigateToEventTemplatesPage" time="34.707" classname="test.CareNetSettings.Communication.EventTemplates"/>
</testsuite> <!-- test.CareNetSettings.Communication.EventTemplates -->
