<?xml version="1.0" encoding="UTF-8"?>
<!-- Generated by org.testng.reporters.JUnitReportReporter -->
<testsuite skipped="0" hostname="Alshawabkeh" name="test.CareNetSettings.DataManagement.MedicalForms" tests="1" failures="0" timestamp="2020-01-29T10:08:08 EET" time="26.179" errors="0">
  <testcase name="navigateToMedicalFormsPage" time="26.179" classname="test.CareNetSettings.DataManagement.MedicalForms"/>
</testsuite> <!-- test.CareNetSettings.DataManagement.MedicalForms -->
