<?xml version="1.0" encoding="UTF-8"?>
<!-- Generated by org.testng.reporters.JUnitReportReporter -->
<testsuite skipped="0" hostname="Alshawabkeh" name="test.CareNetSettings.Insurance.StatementOfAccountReport" tests="1" failures="0" timestamp="2020-01-29T10:08:08 EET" time="29.631" errors="0">
  <testcase name="navigateToStatementOfAccountReportPage" time="29.631" classname="test.CareNetSettings.Insurance.StatementOfAccountReport"/>
</testsuite> <!-- test.CareNetSettings.Insurance.StatementOfAccountReport -->
