<?xml version="1.0" encoding="UTF-8"?>
<!-- Generated by org.testng.reporters.JUnitReportReporter -->
<testsuite skipped="0" hostname="Alshawabkeh" name="test.CareNetSettings.DataManagement.InventoryManagementUnits" tests="1" failures="0" timestamp="2020-01-29T10:08:08 EET" time="26.163" errors="0">
  <testcase name="navigateToInventoryManagementUnitsPage" time="26.163" classname="test.CareNetSettings.DataManagement.InventoryManagementUnits"/>
</testsuite> <!-- test.CareNetSettings.DataManagement.InventoryManagementUnits -->
