<?xml version="1.0" encoding="UTF-8"?>
<!-- Generated by org.testng.reporters.JUnitReportReporter -->
<testsuite skipped="0" hostname="Alshawabkeh" name="test.CareNetSettings.Communication.Mailbox" tests="1" failures="0" timestamp="2020-01-29T10:08:08 EET" time="33.194" errors="0">
  <testcase name="navigateToMailboxPage" time="33.194" classname="test.CareNetSettings.Communication.Mailbox"/>
</testsuite> <!-- test.CareNetSettings.Communication.Mailbox -->
