<?xml version="1.0" encoding="UTF-8"?>
<!-- Generated by org.testng.reporters.JUnitReportReporter -->
<testsuite skipped="0" hostname="Alshawabkeh" name="test.CareNetSettings.Insurance.ResubmissionLeftDays" tests="1" failures="0" timestamp="2020-01-29T10:08:08 EET" time="28.649" errors="0">
  <testcase name="navigateToResubmissionLeftDaysPage" time="28.649" classname="test.CareNetSettings.Insurance.ResubmissionLeftDays"/>
</testsuite> <!-- test.CareNetSettings.Insurance.ResubmissionLeftDays -->
