<?xml version="1.0" encoding="UTF-8"?>
<!-- Generated by org.testng.reporters.JUnitReportReporter -->
<testsuite skipped="0" hostname="Alshawabkeh" name="test.CareNetSettings.Insurance.InsuranceClaimAuditing" tests="1" failures="0" timestamp="2020-01-29T10:08:07 EET" time="27.846" errors="0">
  <testcase name="navigateToInsuranceClaimAuditingPage" time="27.846" classname="test.CareNetSettings.Insurance.InsuranceClaimAuditing"/>
</testsuite> <!-- test.CareNetSettings.Insurance.InsuranceClaimAuditing -->
