<?xml version="1.0" encoding="UTF-8"?>
<!-- Generated by org.testng.reporters.JUnitReportReporter -->
<testsuite skipped="0" hostname="Alshawabkeh" name="test.CareNetSettings.MedicalProviders.NetworkProviders" tests="1" failures="0" timestamp="2020-01-29T10:08:08 EET" time="38.086" errors="0">
  <testcase name="navigateToNetworkProviders" time="38.086" classname="test.CareNetSettings.MedicalProviders.NetworkProviders"/>
</testsuite> <!-- test.CareNetSettings.MedicalProviders.NetworkProviders -->
