<?xml version="1.0" encoding="UTF-8"?>
<!-- Generated by org.testng.reporters.JUnitReportReporter -->
<testsuite skipped="0" hostname="Alshawabkeh" name="test.CareNetSettings.DataManagement.Allergies" tests="4" failures="0" timestamp="2020-02-11T14:10:37 EET" time="120.813" errors="0">
  <testcase name="navigateToAllergiesPage" time="26.352" classname="test.CareNetSettings.DataManagement.Allergies"/>
  <testcase name="addAllergies" time="31.340" classname="test.CareNetSettings.DataManagement.Allergies"/>
  <testcase name="editAllergies" time="33.016" classname="test.CareNetSettings.DataManagement.Allergies"/>
  <testcase name="deleteAllergies" time="30.105" classname="test.CareNetSettings.DataManagement.Allergies"/>
</testsuite> <!-- test.CareNetSettings.DataManagement.Allergies -->
