<?xml version="1.0" encoding="UTF-8"?>
<!-- Generated by org.testng.reporters.JUnitReportReporter -->
<testsuite skipped="0" hostname="Alshawabkeh" name="test.CareNetSettings.DataManagement.BodySystem" tests="6" failures="0" timestamp="2020-02-12T12:54:50 EET" time="187.260" errors="0">
  <testcase name="navigateToBodySystem" time="27.200" classname="test.CareNetSettings.DataManagement.BodySystem"/>
  <testcase name="addBodySystem" time="33.078" classname="test.CareNetSettings.DataManagement.BodySystem"/>
  <testcase name="editBodySystem" time="34.836" classname="test.CareNetSettings.DataManagement.BodySystem"/>
  <testcase name="addBodySystemPartList" time="33.319" classname="test.CareNetSettings.DataManagement.BodySystem"/>
  <testcase name="deleteBodySystemPartList" time="29.764" classname="test.CareNetSettings.DataManagement.BodySystem"/>
  <testcase name="deleteBodySystem" time="29.063" classname="test.CareNetSettings.DataManagement.BodySystem"/>
</testsuite> <!-- test.CareNetSettings.DataManagement.BodySystem -->
