<?xml version="1.0" encoding="UTF-8"?>
<!-- Generated by org.testng.reporters.JUnitReportReporter -->
<testsuite skipped="0" hostname="Alshawabkeh" name="test.CareNetSettings.Cycles.AddCashPatient" tests="2" failures="0" timestamp="2020-02-06T17:06:33 EET" time="189.744" errors="0">
  <testcase name="registerNewPatient" time="71.128" classname="test.CareNetSettings.Cycles.AddCashPatient"/>
  <testcase name="addNewVisit" time="118.616" classname="test.CareNetSettings.Cycles.AddCashPatient"/>
</testsuite> <!-- test.CareNetSettings.Cycles.AddCashPatient -->
