<?xml version="1.0" encoding="UTF-8"?>
<!-- Generated by org.testng.reporters.JUnitReportReporter -->
<testsuite skipped="0" hostname="Alshawabkeh" name="test.CareNetSettings.DataManagement.Symptoms" tests="1" failures="0" timestamp="2020-02-06T17:37:16 EET" time="33.597" errors="0">
  <testcase name="navigateToSymptomsPage" time="33.597" classname="test.CareNetSettings.DataManagement.Symptoms"/>
</testsuite> <!-- test.CareNetSettings.DataManagement.Symptoms -->
