<?xml version="1.0" encoding="UTF-8"?>
<!-- Generated by org.testng.reporters.JUnitReportReporter -->
<testsuite skipped="0" hostname="Alshawabkeh" name="test.CareNetSettings.DataManagement.Diseases" tests="4" failures="0" timestamp="2020-02-11T12:35:02 EET" time="124.902" errors="0">
  <testcase name="navigateToDiseasesPage" time="29.935" classname="test.CareNetSettings.DataManagement.Diseases"/>
  <testcase name="addDiseases" time="33.178" classname="test.CareNetSettings.DataManagement.Diseases"/>
  <testcase name="editDiseases" time="31.361" classname="test.CareNetSettings.DataManagement.Diseases"/>
  <testcase name="deletDiseases" time="30.428" classname="test.CareNetSettings.DataManagement.Diseases"/>
</testsuite> <!-- test.CareNetSettings.DataManagement.Diseases -->
