<?xml version="1.0" encoding="UTF-8"?>
<!-- Generated by org.testng.reporters.JUnitReportReporter -->
<testsuite skipped="0" hostname="Alshawabkeh" name="test.CareNetSettings.Cycles.AddCashPatient" tests="2" failures="0" timestamp="2020-02-06T16:58:38 EET" time="175.187" errors="0">
  <testcase name="registerNewPatient" time="60.780" classname="test.CareNetSettings.Cycles.AddCashPatient"/>
  <testcase name="addNewVisit" time="114.407" classname="test.CareNetSettings.Cycles.AddCashPatient"/>
</testsuite> <!-- test.CareNetSettings.Cycles.AddCashPatient -->
