<?xml version="1.0" encoding="UTF-8"?>
<!-- Generated by org.testng.reporters.JUnitReportReporter -->
<testsuite skipped="0" hostname="Alshawabkeh" name="test.CareNetSettings.DataManagement.Symptoms" tests="4" failures="0" timestamp="2020-02-11T11:22:15 EET" time="129.665" errors="0">
  <testcase name="navigateToSymptomsPage" time="31.177" classname="test.CareNetSettings.DataManagement.Symptoms"/>
  <testcase name="addSymptoms" time="35.325" classname="test.CareNetSettings.DataManagement.Symptoms"/>
  <testcase name="editSymptoms" time="31.584" classname="test.CareNetSettings.DataManagement.Symptoms"/>
  <testcase name="deleteSymptoms" time="31.579" classname="test.CareNetSettings.DataManagement.Symptoms"/>
</testsuite> <!-- test.CareNetSettings.DataManagement.Symptoms -->
