<?xml version="1.0" encoding="UTF-8"?>
<!-- Generated by org.testng.reporters.JUnitReportReporter -->
<testsuite skipped="0" hostname="Alshawabkeh" name="test.CareNetSettings.DataManagement.LabUnits" tests="4" failures="0" timestamp="2020-02-16T16:45:48 EET" time="143.855" errors="0">
  <testcase name="navigateToLabUnits" time="37.415" classname="test.CareNetSettings.DataManagement.LabUnits"/>
  <testcase name="addLabUnits" time="35.168" classname="test.CareNetSettings.DataManagement.LabUnits"/>
  <testcase name="editLabUnits" time="35.163" classname="test.CareNetSettings.DataManagement.LabUnits"/>
  <testcase name="deleteLabUnits" time="36.109" classname="test.CareNetSettings.DataManagement.LabUnits"/>
</testsuite> <!-- test.CareNetSettings.DataManagement.LabUnits -->
