<?xml version="1.0" encoding="UTF-8"?>
<!-- Generated by org.testng.reporters.JUnitReportReporter -->
<testsuite skipped="0" hostname="Alshawabkeh" name="test.CareNetSettings.DataManagement.LabTests" tests="4" failures="0" timestamp="2020-02-17T11:55:06 EET" time="188.260" errors="0">
  <testcase name="navigateToLabTests" time="41.747" classname="test.CareNetSettings.DataManagement.LabTests"/>
  <testcase name="addLabTests" time="66.958" classname="test.CareNetSettings.DataManagement.LabTests"/>
  <testcase name="editLabTest" time="40.591" classname="test.CareNetSettings.DataManagement.LabTests"/>
  <testcase name="deleteLabTests" time="38.964" classname="test.CareNetSettings.DataManagement.LabTests"/>
</testsuite> <!-- test.CareNetSettings.DataManagement.LabTests -->
