<?xml version="1.0" encoding="UTF-8"?>
<!-- Generated by org.testng.reporters.JUnitReportReporter -->
<testsuite skipped="0" hostname="Alshawabkeh" name="test.CareNetSettings.DataManagement.Vaccines" tests="4" failures="0" timestamp="2020-02-11T15:12:35 EET" time="125.243" errors="0">
  <testcase name="navigateToVaccinesPage" time="27.013" classname="test.CareNetSettings.DataManagement.Vaccines"/>
  <testcase name="addVaccines" time="31.340" classname="test.CareNetSettings.DataManagement.Vaccines"/>
  <testcase name="editVaccines" time="35.435" classname="test.CareNetSettings.DataManagement.Vaccines"/>
  <testcase name="deleteVaccines" time="31.455" classname="test.CareNetSettings.DataManagement.Vaccines"/>
</testsuite> <!-- test.CareNetSettings.DataManagement.Vaccines -->
