<?xml version="1.0" encoding="UTF-8"?>
<!-- Generated by org.testng.reporters.JUnitReportReporter -->
<testsuite skipped="0" hostname="Alshawabkeh" name="test.CareNetSettings.Cycles.AddCashPatient" tests="2" failures="0" timestamp="2020-02-09T09:09:48 EET" time="218.164" errors="0">
  <testcase name="registerNewPatient" time="86.738" classname="test.CareNetSettings.Cycles.AddCashPatient"/>
  <testcase name="addNewVisitWithChargeMaster" time="131.426" classname="test.CareNetSettings.Cycles.AddCashPatient"/>
</testsuite> <!-- test.CareNetSettings.Cycles.AddCashPatient -->
