<?xml version="1.0" encoding="UTF-8"?>
<!-- Generated by org.testng.reporters.JUnitReportReporter -->
<testsuite skipped="0" hostname="Alshawabkeh" name="test.CareNetSettings.DataManagement.BodySystem" tests="4" failures="0" timestamp="2020-02-11T17:18:58 EET" time="120.265" errors="0">
  <testcase name="navigateToBodySystem" time="25.928" classname="test.CareNetSettings.DataManagement.BodySystem"/>
  <testcase name="addBodySystem" time="33.870" classname="test.CareNetSettings.DataManagement.BodySystem"/>
  <testcase name="editBodySystem" time="30.813" classname="test.CareNetSettings.DataManagement.BodySystem"/>
  <testcase name="deleteBodySystem" time="29.654" classname="test.CareNetSettings.DataManagement.BodySystem"/>
</testsuite> <!-- test.CareNetSettings.DataManagement.BodySystem -->
