<?xml version="1.0" encoding="UTF-8"?>
<!-- Generated by org.testng.reporters.JUnitReportReporter -->
<testsuite skipped="0" hostname="Alshawabkeh" name="test.CareNetSettings.Cycles.AddCashPatient" tests="2" failures="0" timestamp="2020-02-06T17:48:19 EET" time="194.084" errors="0">
  <testcase name="registerNewPatient" time="70.024" classname="test.CareNetSettings.Cycles.AddCashPatient"/>
  <testcase name="addNewVisitWithChargeMaster" time="124.060" classname="test.CareNetSettings.Cycles.AddCashPatient"/>
</testsuite> <!-- test.CareNetSettings.Cycles.AddCashPatient -->
