<?xml version="1.0" encoding="UTF-8"?>
<!-- Generated by org.testng.reporters.JUnitReportReporter -->
<testsuite skipped="0" hostname="Alshawabkeh" name="test.CareNetSettings.DataManagement.UserSignature" tests="3" failures="0" timestamp="2020-02-13T12:55:10 EET" time="121.434" errors="0">
  <testcase name="navigateToUserSignature" time="30.874" classname="test.CareNetSettings.DataManagement.UserSignature"/>
  <testcase name="addUserSignature" time="43.095" classname="test.CareNetSettings.DataManagement.UserSignature"/>
  <testcase name="deleteUserSignature" time="47.465" classname="test.CareNetSettings.DataManagement.UserSignature"/>
</testsuite> <!-- test.CareNetSettings.DataManagement.UserSignature -->
